  main.cpp
C:\Users\kjunwoo23\Documents\GitHub\Computer-Graphics-OpenGL\실습\3. 무지개 원 그리기\main.cpp(1,1): warning C4819: 현재 코드 페이지(949)에서 표시할 수 없는 문자가 파일에 들어 있습니다. 데이터가 손실되지 않게 하려면 해당 파일을 유니코드 형식으로 저장하십시오.
C:\Users\kjunwoo23\Documents\GitHub\Computer-Graphics-OpenGL\실습\3. 무지개 원 그리기\main.cpp(12,15): warning C4244: '초기화 중': 'double'에서 'float'(으)로 변환하면서 데이터가 손실될 수 있습니다.
C:\Users\kjunwoo23\Documents\GitHub\Computer-Graphics-OpenGL\실습\3. 무지개 원 그리기\main.cpp(16,12): warning C4244: '초기화 중': 'double'에서 'float'(으)로 변환하면서 데이터가 손실될 수 있습니다.
C:\Users\kjunwoo23\Documents\GitHub\Computer-Graphics-OpenGL\실습\3. 무지개 원 그리기\main.cpp(17,12): warning C4244: '초기화 중': 'double'에서 'float'(으)로 변환하면서 데이터가 손실될 수 있습니다.
C:\Users\kjunwoo23\Documents\GitHub\Computer-Graphics-OpenGL\실습\3. 무지개 원 그리기\main.cpp(18,12): warning C4244: '초기화 중': 'double'에서 'float'(으)로 변환하면서 데이터가 손실될 수 있습니다.
C:\Users\kjunwoo23\Documents\GitHub\Computer-Graphics-OpenGL\실습\3. 무지개 원 그리기\main.cpp(19,12): warning C4244: '초기화 중': 'double'에서 'float'(으)로 변환하면서 데이터가 손실될 수 있습니다.
freeglut_static_vs2015_d.lib(fg_callbacks.obj) : warning LNK4099: 'freeglut_static.pdb' PDB를 'freeglut_static_vs2015_d.lib(fg_callbacks.obj)' 또는 'C:\Users\kjunwoo23\Documents\GitHub\Computer-Graphics-OpenGL\실습\3. 무지개 원 그리기\Debug\freeglut_static.pdb'에서 찾을 수 없습니다. 디버그 정보가 없는 것처럼 개체를 링크합니다.
freeglut_static_vs2015_d.lib(fg_cursor.obj) : warning LNK4099: 'freeglut_static.pdb' PDB를 'freeglut_static_vs2015_d.lib(fg_cursor.obj)' 또는 'C:\Users\kjunwoo23\Documents\GitHub\Computer-Graphics-OpenGL\실습\3. 무지개 원 그리기\Debug\freeglut_static.pdb'에서 찾을 수 없습니다. 디버그 정보가 없는 것처럼 개체를 링크합니다.
freeglut_static_vs2015_d.lib(fg_display.obj) : warning LNK4099: 'freeglut_static.pdb' PDB를 'freeglut_static_vs2015_d.lib(fg_display.obj)' 또는 'C:\Users\kjunwoo23\Documents\GitHub\Computer-Graphics-OpenGL\실습\3. 무지개 원 그리기\Debug\freeglut_static.pdb'에서 찾을 수 없습니다. 디버그 정보가 없는 것처럼 개체를 링크합니다.
freeglut_static_vs2015_d.lib(fg_ext.obj) : warning LNK4099: 'freeglut_static.pdb' PDB를 'freeglut_static_vs2015_d.lib(fg_ext.obj)' 또는 'C:\Users\kjunwoo23\Documents\GitHub\Computer-Graphics-OpenGL\실습\3. 무지개 원 그리기\Debug\freeglut_static.pdb'에서 찾을 수 없습니다. 디버그 정보가 없는 것처럼 개체를 링크합니다.
freeglut_static_vs2015_d.lib(fg_font_data.obj) : warning LNK4099: '' PDB를 'freeglut_static_vs2015_d.lib(fg_font_data.obj)' 또는 ''에서 찾을 수 없습니다. 디버그 정보가 없는 것처럼 개체를 링크합니다.
freeglut_static_vs2015_d.lib(fg_gamemode.obj) : warning LNK4099: 'freeglut_static.pdb' PDB를 'freeglut_static_vs2015_d.lib(fg_gamemode.obj)' 또는 'C:\Users\kjunwoo23\Documents\GitHub\Computer-Graphics-OpenGL\실습\3. 무지개 원 그리기\Debug\freeglut_static.pdb'에서 찾을 수 없습니다. 디버그 정보가 없는 것처럼 개체를 링크합니다.
freeglut_static_vs2015_d.lib(fg_geometry.obj) : warning LNK4099: 'freeglut_static.pdb' PDB를 'freeglut_static_vs2015_d.lib(fg_geometry.obj)' 또는 'C:\Users\kjunwoo23\Documents\GitHub\Computer-Graphics-OpenGL\실습\3. 무지개 원 그리기\Debug\freeglut_static.pdb'에서 찾을 수 없습니다. 디버그 정보가 없는 것처럼 개체를 링크합니다.
freeglut_static_vs2015_d.lib(fg_gl2.obj) : warning LNK4099: 'freeglut_static.pdb' PDB를 'freeglut_static_vs2015_d.lib(fg_gl2.obj)' 또는 'C:\Users\kjunwoo23\Documents\GitHub\Computer-Graphics-OpenGL\실습\3. 무지개 원 그리기\Debug\freeglut_static.pdb'에서 찾을 수 없습니다. 디버그 정보가 없는 것처럼 개체를 링크합니다.
freeglut_static_vs2015_d.lib(fg_init.obj) : warning LNK4099: 'freeglut_static.pdb' PDB를 'freeglut_static_vs2015_d.lib(fg_init.obj)' 또는 'C:\Users\kjunwoo23\Documents\GitHub\Computer-Graphics-OpenGL\실습\3. 무지개 원 그리기\Debug\freeglut_static.pdb'에서 찾을 수 없습니다. 디버그 정보가 없는 것처럼 개체를 링크합니다.
freeglut_static_vs2015_d.lib(fg_input_devices.obj) : warning LNK4099: 'freeglut_static.pdb' PDB를 'freeglut_static_vs2015_d.lib(fg_input_devices.obj)' 또는 'C:\Users\kjunwoo23\Documents\GitHub\Computer-Graphics-OpenGL\실습\3. 무지개 원 그리기\Debug\freeglut_static.pdb'에서 찾을 수 없습니다. 디버그 정보가 없는 것처럼 개체를 링크합니다.
freeglut_static_vs2015_d.lib(fg_joystick.obj) : warning LNK4099: 'freeglut_static.pdb' PDB를 'freeglut_static_vs2015_d.lib(fg_joystick.obj)' 또는 'C:\Users\kjunwoo23\Documents\GitHub\Computer-Graphics-OpenGL\실습\3. 무지개 원 그리기\Debug\freeglut_static.pdb'에서 찾을 수 없습니다. 디버그 정보가 없는 것처럼 개체를 링크합니다.
freeglut_static_vs2015_d.lib(fg_main.obj) : warning LNK4099: 'freeglut_static.pdb' PDB를 'freeglut_static_vs2015_d.lib(fg_main.obj)' 또는 'C:\Users\kjunwoo23\Documents\GitHub\Computer-Graphics-OpenGL\실습\3. 무지개 원 그리기\Debug\freeglut_static.pdb'에서 찾을 수 없습니다. 디버그 정보가 없는 것처럼 개체를 링크합니다.
freeglut_static_vs2015_d.lib(fg_misc.obj) : warning LNK4099: 'freeglut_static.pdb' PDB를 'freeglut_static_vs2015_d.lib(fg_misc.obj)' 또는 'C:\Users\kjunwoo23\Documents\GitHub\Computer-Graphics-OpenGL\실습\3. 무지개 원 그리기\Debug\freeglut_static.pdb'에서 찾을 수 없습니다. 디버그 정보가 없는 것처럼 개체를 링크합니다.
freeglut_static_vs2015_d.lib(fg_overlay.obj) : warning LNK4099: 'freeglut_static.pdb' PDB를 'freeglut_static_vs2015_d.lib(fg_overlay.obj)' 또는 'C:\Users\kjunwoo23\Documents\GitHub\Computer-Graphics-OpenGL\실습\3. 무지개 원 그리기\Debug\freeglut_static.pdb'에서 찾을 수 없습니다. 디버그 정보가 없는 것처럼 개체를 링크합니다.
freeglut_static_vs2015_d.lib(fg_spaceball.obj) : warning LNK4099: 'freeglut_static.pdb' PDB를 'freeglut_static_vs2015_d.lib(fg_spaceball.obj)' 또는 'C:\Users\kjunwoo23\Documents\GitHub\Computer-Graphics-OpenGL\실습\3. 무지개 원 그리기\Debug\freeglut_static.pdb'에서 찾을 수 없습니다. 디버그 정보가 없는 것처럼 개체를 링크합니다.
freeglut_static_vs2015_d.lib(fg_state.obj) : warning LNK4099: 'freeglut_static.pdb' PDB를 'freeglut_static_vs2015_d.lib(fg_state.obj)' 또는 'C:\Users\kjunwoo23\Documents\GitHub\Computer-Graphics-OpenGL\실습\3. 무지개 원 그리기\Debug\freeglut_static.pdb'에서 찾을 수 없습니다. 디버그 정보가 없는 것처럼 개체를 링크합니다.
freeglut_static_vs2015_d.lib(fg_stroke_mono_roman.obj) : warning LNK4099: 'freeglut_static.pdb' PDB를 'freeglut_static_vs2015_d.lib(fg_stroke_mono_roman.obj)' 또는 'C:\Users\kjunwoo23\Documents\GitHub\Computer-Graphics-OpenGL\실습\3. 무지개 원 그리기\Debug\freeglut_static.pdb'에서 찾을 수 없습니다. 디버그 정보가 없는 것처럼 개체를 링크합니다.
freeglut_static_vs2015_d.lib(fg_stroke_roman.obj) : warning LNK4099: 'freeglut_static.pdb' PDB를 'freeglut_static_vs2015_d.lib(fg_stroke_roman.obj)' 또는 'C:\Users\kjunwoo23\Documents\GitHub\Computer-Graphics-OpenGL\실습\3. 무지개 원 그리기\Debug\freeglut_static.pdb'에서 찾을 수 없습니다. 디버그 정보가 없는 것처럼 개체를 링크합니다.
freeglut_static_vs2015_d.lib(fg_structure.obj) : warning LNK4099: 'freeglut_static.pdb' PDB를 'freeglut_static_vs2015_d.lib(fg_structure.obj)' 또는 'C:\Users\kjunwoo23\Documents\GitHub\Computer-Graphics-OpenGL\실습\3. 무지개 원 그리기\Debug\freeglut_static.pdb'에서 찾을 수 없습니다. 디버그 정보가 없는 것처럼 개체를 링크합니다.
freeglut_static_vs2015_d.lib(fg_teapot.obj) : warning LNK4099: 'freeglut_static.pdb' PDB를 'freeglut_static_vs2015_d.lib(fg_teapot.obj)' 또는 'C:\Users\kjunwoo23\Documents\GitHub\Computer-Graphics-OpenGL\실습\3. 무지개 원 그리기\Debug\freeglut_static.pdb'에서 찾을 수 없습니다. 디버그 정보가 없는 것처럼 개체를 링크합니다.
freeglut_static_vs2015_d.lib(fg_videoresize.obj) : warning LNK4099: 'freeglut_static.pdb' PDB를 'freeglut_static_vs2015_d.lib(fg_videoresize.obj)' 또는 'C:\Users\kjunwoo23\Documents\GitHub\Computer-Graphics-OpenGL\실습\3. 무지개 원 그리기\Debug\freeglut_static.pdb'에서 찾을 수 없습니다. 디버그 정보가 없는 것처럼 개체를 링크합니다.
freeglut_static_vs2015_d.lib(fg_window.obj) : warning LNK4099: '' PDB를 'freeglut_static_vs2015_d.lib(fg_window.obj)' 또는 ''에서 찾을 수 없습니다. 디버그 정보가 없는 것처럼 개체를 링크합니다.
freeglut_static_vs2015_d.lib(fg_font.obj) : warning LNK4099: 'freeglut_static.pdb' PDB를 'freeglut_static_vs2015_d.lib(fg_font.obj)' 또는 'C:\Users\kjunwoo23\Documents\GitHub\Computer-Graphics-OpenGL\실습\3. 무지개 원 그리기\Debug\freeglut_static.pdb'에서 찾을 수 없습니다. 디버그 정보가 없는 것처럼 개체를 링크합니다.
freeglut_static_vs2015_d.lib(fg_menu.obj) : warning LNK4099: 'freeglut_static.pdb' PDB를 'freeglut_static_vs2015_d.lib(fg_menu.obj)' 또는 'C:\Users\kjunwoo23\Documents\GitHub\Computer-Graphics-OpenGL\실습\3. 무지개 원 그리기\Debug\freeglut_static.pdb'에서 찾을 수 없습니다. 디버그 정보가 없는 것처럼 개체를 링크합니다.
freeglut_static_vs2015_d.lib(fg_cursor_mswin.obj) : warning LNK4099: 'freeglut_static.pdb' PDB를 'freeglut_static_vs2015_d.lib(fg_cursor_mswin.obj)' 또는 'C:\Users\kjunwoo23\Documents\GitHub\Computer-Graphics-OpenGL\실습\3. 무지개 원 그리기\Debug\freeglut_static.pdb'에서 찾을 수 없습니다. 디버그 정보가 없는 것처럼 개체를 링크합니다.
freeglut_static_vs2015_d.lib(fg_display_mswin.obj) : warning LNK4099: 'freeglut_static.pdb' PDB를 'freeglut_static_vs2015_d.lib(fg_display_mswin.obj)' 또는 'C:\Users\kjunwoo23\Documents\GitHub\Computer-Graphics-OpenGL\실습\3. 무지개 원 그리기\Debug\freeglut_static.pdb'에서 찾을 수 없습니다. 디버그 정보가 없는 것처럼 개체를 링크합니다.
freeglut_static_vs2015_d.lib(fg_ext_mswin.obj) : warning LNK4099: 'freeglut_static.pdb' PDB를 'freeglut_static_vs2015_d.lib(fg_ext_mswin.obj)' 또는 'C:\Users\kjunwoo23\Documents\GitHub\Computer-Graphics-OpenGL\실습\3. 무지개 원 그리기\Debug\freeglut_static.pdb'에서 찾을 수 없습니다. 디버그 정보가 없는 것처럼 개체를 링크합니다.
freeglut_static_vs2015_d.lib(fg_gamemode_mswin.obj) : warning LNK4099: 'freeglut_static.pdb' PDB를 'freeglut_static_vs2015_d.lib(fg_gamemode_mswin.obj)' 또는 'C:\Users\kjunwoo23\Documents\GitHub\Computer-Graphics-OpenGL\실습\3. 무지개 원 그리기\Debug\freeglut_static.pdb'에서 찾을 수 없습니다. 디버그 정보가 없는 것처럼 개체를 링크합니다.
freeglut_static_vs2015_d.lib(fg_init_mswin.obj) : warning LNK4099: 'freeglut_static.pdb' PDB를 'freeglut_static_vs2015_d.lib(fg_init_mswin.obj)' 또는 'C:\Users\kjunwoo23\Documents\GitHub\Computer-Graphics-OpenGL\실습\3. 무지개 원 그리기\Debug\freeglut_static.pdb'에서 찾을 수 없습니다. 디버그 정보가 없는 것처럼 개체를 링크합니다.
freeglut_static_vs2015_d.lib(fg_input_devices_mswin.obj) : warning LNK4099: 'freeglut_static.pdb' PDB를 'freeglut_static_vs2015_d.lib(fg_input_devices_mswin.obj)' 또는 'C:\Users\kjunwoo23\Documents\GitHub\Computer-Graphics-OpenGL\실습\3. 무지개 원 그리기\Debug\freeglut_static.pdb'에서 찾을 수 없습니다. 디버그 정보가 없는 것처럼 개체를 링크합니다.
freeglut_static_vs2015_d.lib(fg_joystick_mswin.obj) : warning LNK4099: 'freeglut_static.pdb' PDB를 'freeglut_static_vs2015_d.lib(fg_joystick_mswin.obj)' 또는 'C:\Users\kjunwoo23\Documents\GitHub\Computer-Graphics-OpenGL\실습\3. 무지개 원 그리기\Debug\freeglut_static.pdb'에서 찾을 수 없습니다. 디버그 정보가 없는 것처럼 개체를 링크합니다.
freeglut_static_vs2015_d.lib(fg_main_mswin.obj) : warning LNK4099: 'freeglut_static.pdb' PDB를 'freeglut_static_vs2015_d.lib(fg_main_mswin.obj)' 또는 'C:\Users\kjunwoo23\Documents\GitHub\Computer-Graphics-OpenGL\실습\3. 무지개 원 그리기\Debug\freeglut_static.pdb'에서 찾을 수 없습니다. 디버그 정보가 없는 것처럼 개체를 링크합니다.
freeglut_static_vs2015_d.lib(fg_menu_mswin.obj) : warning LNK4099: 'freeglut_static.pdb' PDB를 'freeglut_static_vs2015_d.lib(fg_menu_mswin.obj)' 또는 'C:\Users\kjunwoo23\Documents\GitHub\Computer-Graphics-OpenGL\실습\3. 무지개 원 그리기\Debug\freeglut_static.pdb'에서 찾을 수 없습니다. 디버그 정보가 없는 것처럼 개체를 링크합니다.
freeglut_static_vs2015_d.lib(fg_spaceball_mswin.obj) : warning LNK4099: 'freeglut_static.pdb' PDB를 'freeglut_static_vs2015_d.lib(fg_spaceball_mswin.obj)' 또는 'C:\Users\kjunwoo23\Documents\GitHub\Computer-Graphics-OpenGL\실습\3. 무지개 원 그리기\Debug\freeglut_static.pdb'에서 찾을 수 없습니다. 디버그 정보가 없는 것처럼 개체를 링크합니다.
freeglut_static_vs2015_d.lib(fg_state_mswin.obj) : warning LNK4099: 'freeglut_static.pdb' PDB를 'freeglut_static_vs2015_d.lib(fg_state_mswin.obj)' 또는 'C:\Users\kjunwoo23\Documents\GitHub\Computer-Graphics-OpenGL\실습\3. 무지개 원 그리기\Debug\freeglut_static.pdb'에서 찾을 수 없습니다. 디버그 정보가 없는 것처럼 개체를 링크합니다.
freeglut_static_vs2015_d.lib(fg_structure_mswin.obj) : warning LNK4099: 'freeglut_static.pdb' PDB를 'freeglut_static_vs2015_d.lib(fg_structure_mswin.obj)' 또는 'C:\Users\kjunwoo23\Documents\GitHub\Computer-Graphics-OpenGL\실습\3. 무지개 원 그리기\Debug\freeglut_static.pdb'에서 찾을 수 없습니다. 디버그 정보가 없는 것처럼 개체를 링크합니다.
freeglut_static_vs2015_d.lib(fg_window_mswin.obj) : warning LNK4099: 'freeglut_static.pdb' PDB를 'freeglut_static_vs2015_d.lib(fg_window_mswin.obj)' 또는 'C:\Users\kjunwoo23\Documents\GitHub\Computer-Graphics-OpenGL\실습\3. 무지개 원 그리기\Debug\freeglut_static.pdb'에서 찾을 수 없습니다. 디버그 정보가 없는 것처럼 개체를 링크합니다.
freeglut_static_vs2015_d.lib(xparsegeometry_repl.obj) : warning LNK4099: 'freeglut_static.pdb' PDB를 'freeglut_static_vs2015_d.lib(xparsegeometry_repl.obj)' 또는 'C:\Users\kjunwoo23\Documents\GitHub\Computer-Graphics-OpenGL\실습\3. 무지개 원 그리기\Debug\freeglut_static.pdb'에서 찾을 수 없습니다. 디버그 정보가 없는 것처럼 개체를 링크합니다.
  HelloGL.vcxproj -> C:\Users\kjunwoo23\Documents\GitHub\Computer-Graphics-OpenGL\실습\3. 무지개 원 그리기\Debug\HelloGL.exe
