  main.cpp
C:\Users\kjunwoo23\Documents\GitHub\Computer-Graphics-OpenGL\과제물\과제물 5. Ray Tracing\MySphere.h(55,11): warning C4244: '초기화 중': 'double'에서 'float'(으)로 변환하면서 데이터가 손실될 수 있습니다.
C:\Users\kjunwoo23\Documents\GitHub\Computer-Graphics-OpenGL\과제물\과제물 5. Ray Tracing\MySphere.h(56,11): warning C4244: '초기화 중': 'double'에서 'float'(으)로 변환하면서 데이터가 손실될 수 있습니다.
C:\Users\kjunwoo23\Documents\GitHub\Computer-Graphics-OpenGL\과제물\과제물 5. Ray Tracing\main.cpp(56,38): warning C4305: '인수': 'double'에서 'GLfloat'(으)로 잘립니다.
C:\Users\kjunwoo23\Documents\GitHub\Computer-Graphics-OpenGL\과제물\과제물 5. Ray Tracing\main.cpp(57,38): warning C4305: '인수': 'double'에서 'GLfloat'(으)로 잘립니다.
C:\Users\kjunwoo23\Documents\GitHub\Computer-Graphics-OpenGL\과제물\과제물 5. Ray Tracing\main.cpp(63,38): warning C4305: '인수': 'double'에서 'GLfloat'(으)로 잘립니다.
C:\Users\kjunwoo23\Documents\GitHub\Computer-Graphics-OpenGL\과제물\과제물 5. Ray Tracing\main.cpp(69,14): warning C4244: '초기화 중': 'double'에서 'float'(으)로 변환하면서 데이터가 손실될 수 있습니다.
C:\Users\kjunwoo23\Documents\GitHub\Computer-Graphics-OpenGL\과제물\과제물 5. Ray Tracing\main.cpp(75,12): warning C4244: '초기화 중': 'double'에서 'float'(으)로 변환하면서 데이터가 손실될 수 있습니다.
C:\Users\kjunwoo23\Documents\GitHub\Computer-Graphics-OpenGL\과제물\과제물 5. Ray Tracing\main.cpp(79,42): warning C4244: '=': 'double'에서 'float'(으)로 변환하면서 데이터가 손실될 수 있습니다.
C:\Users\kjunwoo23\Documents\GitHub\Computer-Graphics-OpenGL\과제물\과제물 5. Ray Tracing\main.cpp(95,28): warning C4244: '=': 'int'에서 'float'(으)로 변환하면서 데이터가 손실될 수 있습니다.
C:\Users\kjunwoo23\Documents\GitHub\Computer-Graphics-OpenGL\과제물\과제물 5. Ray Tracing\main.cpp(130,12): warning C4244: '초기화 중': 'double'에서 'float'(으)로 변환하면서 데이터가 손실될 수 있습니다.
C:\Users\kjunwoo23\Documents\GitHub\Computer-Graphics-OpenGL\과제물\과제물 5. Ray Tracing\main.cpp(217,60): warning C4244: '인수': 'double'에서 'GLfloat'(으)로 변환하면서 데이터가 손실될 수 있습니다.
C:\Users\kjunwoo23\Documents\GitHub\Computer-Graphics-OpenGL\과제물\과제물 5. Ray Tracing\main.cpp(217,21): warning C4244: '인수': 'double'에서 'GLfloat'(으)로 변환하면서 데이터가 손실될 수 있습니다.
C:\Users\kjunwoo23\Documents\GitHub\Computer-Graphics-OpenGL\과제물\과제물 5. Ray Tracing\main.cpp(221,57): warning C4305: '인수': 'double'에서 'float'(으)로 잘립니다.
freeglut_static_vs2015_d.lib(fg_geometry.obj) : warning LNK4099: 'freeglut_static.pdb' PDB를 'freeglut_static_vs2015_d.lib(fg_geometry.obj)' 또는 'C:\Users\kjunwoo23\Documents\GitHub\Computer-Graphics-OpenGL\과제물\과제물 5. Ray Tracing\Debug\freeglut_static.pdb'에서 찾을 수 없습니다. 디버그 정보가 없는 것처럼 개체를 링크합니다.
freeglut_static_vs2015_d.lib(fg_joystick.obj) : warning LNK4099: 'freeglut_static.pdb' PDB를 'freeglut_static_vs2015_d.lib(fg_joystick.obj)' 또는 'C:\Users\kjunwoo23\Documents\GitHub\Computer-Graphics-OpenGL\과제물\과제물 5. Ray Tracing\Debug\freeglut_static.pdb'에서 찾을 수 없습니다. 디버그 정보가 없는 것처럼 개체를 링크합니다.
freeglut_static_vs2015_d.lib(fg_teapot.obj) : warning LNK4099: 'freeglut_static.pdb' PDB를 'freeglut_static_vs2015_d.lib(fg_teapot.obj)' 또는 'C:\Users\kjunwoo23\Documents\GitHub\Computer-Graphics-OpenGL\과제물\과제물 5. Ray Tracing\Debug\freeglut_static.pdb'에서 찾을 수 없습니다. 디버그 정보가 없는 것처럼 개체를 링크합니다.
freeglut_static_vs2015_d.lib(fg_font.obj) : warning LNK4099: 'freeglut_static.pdb' PDB를 'freeglut_static_vs2015_d.lib(fg_font.obj)' 또는 'C:\Users\kjunwoo23\Documents\GitHub\Computer-Graphics-OpenGL\과제물\과제물 5. Ray Tracing\Debug\freeglut_static.pdb'에서 찾을 수 없습니다. 디버그 정보가 없는 것처럼 개체를 링크합니다.
freeglut_static_vs2015_d.lib(fg_menu.obj) : warning LNK4099: '' PDB를 'freeglut_static_vs2015_d.lib(fg_menu.obj)' 또는 ''에서 찾을 수 없습니다. 디버그 정보가 없는 것처럼 개체를 링크합니다.
freeglut_static_vs2015_d.lib(fg_joystick_mswin.obj) : warning LNK4099: 'freeglut_static.pdb' PDB를 'freeglut_static_vs2015_d.lib(fg_joystick_mswin.obj)' 또는 'C:\Users\kjunwoo23\Documents\GitHub\Computer-Graphics-OpenGL\과제물\과제물 5. Ray Tracing\Debug\freeglut_static.pdb'에서 찾을 수 없습니다. 디버그 정보가 없는 것처럼 개체를 링크합니다.
  HelloGL.vcxproj -> C:\Users\kjunwoo23\Documents\GitHub\Computer-Graphics-OpenGL\과제물\과제물 5. Ray Tracing\Debug\HelloGL.exe
