  main.cpp
C:\Users\kjunwoo23\Documents\GitHub\Computer-Graphics-OpenGL\과제물\과제물 2. 점 추적 로봇팔\MyTarget.h(30,14): warning C4305: '=': 'double'에서 'float'(으)로 잘립니다.
C:\Users\kjunwoo23\Documents\GitHub\Computer-Graphics-OpenGL\과제물\과제물 2. 점 추적 로봇팔\MyTarget.h(31,27): warning C4305: '인수': 'double'에서 'GLfloat'(으)로 잘립니다.
C:\Users\kjunwoo23\Documents\GitHub\Computer-Graphics-OpenGL\과제물\과제물 2. 점 추적 로봇팔\MyTarget.h(41,17): warning C4244: '=': 'double'에서 'float'(으)로 변환하면서 데이터가 손실될 수 있습니다.
C:\Users\kjunwoo23\Documents\GitHub\Computer-Graphics-OpenGL\과제물\과제물 2. 점 추적 로봇팔\MyTarget.h(48,42): warning C4244: '=': 'double'에서 'float'(으)로 변환하면서 데이터가 손실될 수 있습니다.
C:\Users\kjunwoo23\Documents\GitHub\Computer-Graphics-OpenGL\과제물\과제물 2. 점 추적 로봇팔\MyTarget.h(63,31): warning C4305: '인수': 'double'에서 'const GLfloat'(으)로 잘립니다.
C:\Users\kjunwoo23\Documents\GitHub\Computer-Graphics-OpenGL\과제물\과제물 2. 점 추적 로봇팔\main.cpp(44,27): warning C4305: '인수': 'double'에서 'const GLfloat'(으)로 잘립니다.
C:\Users\kjunwoo23\Documents\GitHub\Computer-Graphics-OpenGL\과제물\과제물 2. 점 추적 로봇팔\main.cpp(44,51): warning C4305: '인수': 'double'에서 'const GLfloat'(으)로 잘립니다.
C:\Users\kjunwoo23\Documents\GitHub\Computer-Graphics-OpenGL\과제물\과제물 2. 점 추적 로봇팔\main.cpp(49,28): warning C4305: '인수': 'double'에서 'const GLfloat'(으)로 잘립니다.
C:\Users\kjunwoo23\Documents\GitHub\Computer-Graphics-OpenGL\과제물\과제물 2. 점 추적 로봇팔\main.cpp(49,52): warning C4305: '인수': 'double'에서 'const GLfloat'(으)로 잘립니다.
C:\Users\kjunwoo23\Documents\GitHub\Computer-Graphics-OpenGL\과제물\과제물 2. 점 추적 로봇팔\main.cpp(54,28): warning C4305: '인수': 'double'에서 'const GLfloat'(으)로 잘립니다.
C:\Users\kjunwoo23\Documents\GitHub\Computer-Graphics-OpenGL\과제물\과제물 2. 점 추적 로봇팔\main.cpp(60,25): warning C4305: '인수': 'double'에서 'const GLfloat'(으)로 잘립니다.
C:\Users\kjunwoo23\Documents\GitHub\Computer-Graphics-OpenGL\과제물\과제물 2. 점 추적 로봇팔\main.cpp(60,49): warning C4305: '인수': 'double'에서 'const GLfloat'(으)로 잘립니다.
C:\Users\kjunwoo23\Documents\GitHub\Computer-Graphics-OpenGL\과제물\과제물 2. 점 추적 로봇팔\main.cpp(65,28): warning C4305: '인수': 'double'에서 'const GLfloat'(으)로 잘립니다.
C:\Users\kjunwoo23\Documents\GitHub\Computer-Graphics-OpenGL\과제물\과제물 2. 점 추적 로봇팔\main.cpp(66,29): warning C4305: '인수': 'double'에서 'const GLfloat'(으)로 잘립니다.
C:\Users\kjunwoo23\Documents\GitHub\Computer-Graphics-OpenGL\과제물\과제물 2. 점 추적 로봇팔\main.cpp(66,53): warning C4305: '인수': 'double'에서 'const GLfloat'(으)로 잘립니다.
C:\Users\kjunwoo23\Documents\GitHub\Computer-Graphics-OpenGL\과제물\과제물 2. 점 추적 로봇팔\main.cpp(71,30): warning C4305: '인수': 'double'에서 'const GLfloat'(으)로 잘립니다.
C:\Users\kjunwoo23\Documents\GitHub\Computer-Graphics-OpenGL\과제물\과제물 2. 점 추적 로봇팔\main.cpp(71,54): warning C4305: '인수': 'double'에서 'const GLfloat'(으)로 잘립니다.
C:\Users\kjunwoo23\Documents\GitHub\Computer-Graphics-OpenGL\과제물\과제물 2. 점 추적 로봇팔\main.cpp(76,28): warning C4305: '인수': 'double'에서 'const GLfloat'(으)로 잘립니다.
C:\Users\kjunwoo23\Documents\GitHub\Computer-Graphics-OpenGL\과제물\과제물 2. 점 추적 로봇팔\main.cpp(81,28): warning C4305: '인수': 'double'에서 'const GLfloat'(으)로 잘립니다.
C:\Users\kjunwoo23\Documents\GitHub\Computer-Graphics-OpenGL\과제물\과제물 2. 점 추적 로봇팔\main.cpp(82,26): warning C4305: '인수': 'double'에서 'const GLfloat'(으)로 잘립니다.
C:\Users\kjunwoo23\Documents\GitHub\Computer-Graphics-OpenGL\과제물\과제물 2. 점 추적 로봇팔\main.cpp(87,28): warning C4305: '인수': 'double'에서 'const GLfloat'(으)로 잘립니다.
C:\Users\kjunwoo23\Documents\GitHub\Computer-Graphics-OpenGL\과제물\과제물 2. 점 추적 로봇팔\main.cpp(92,25): warning C4305: '인수': 'double'에서 'const GLfloat'(으)로 잘립니다.
C:\Users\kjunwoo23\Documents\GitHub\Computer-Graphics-OpenGL\과제물\과제물 2. 점 추적 로봇팔\main.cpp(92,51): warning C4305: '인수': 'double'에서 'const GLfloat'(으)로 잘립니다.
C:\Users\kjunwoo23\Documents\GitHub\Computer-Graphics-OpenGL\과제물\과제물 2. 점 추적 로봇팔\main.cpp(96,30): warning C4305: '인수': 'double'에서 'const GLfloat'(으)로 잘립니다.
C:\Users\kjunwoo23\Documents\GitHub\Computer-Graphics-OpenGL\과제물\과제물 2. 점 추적 로봇팔\main.cpp(98,27): warning C4305: '인수': 'double'에서 'const GLfloat'(으)로 잘립니다.
C:\Users\kjunwoo23\Documents\GitHub\Computer-Graphics-OpenGL\과제물\과제물 2. 점 추적 로봇팔\main.cpp(102,29): warning C4305: '인수': 'double'에서 'const GLfloat'(으)로 잘립니다.
C:\Users\kjunwoo23\Documents\GitHub\Computer-Graphics-OpenGL\과제물\과제물 2. 점 추적 로봇팔\main.cpp(105,76): warning C4244: '인수': 'double'에서 'const GLfloat'(으)로 변환하면서 데이터가 손실될 수 있습니다.
C:\Users\kjunwoo23\Documents\GitHub\Computer-Graphics-OpenGL\과제물\과제물 2. 점 추적 로봇팔\main.cpp(105,103): warning C4305: '인수': 'double'에서 'const GLfloat'(으)로 잘립니다.
C:\Users\kjunwoo23\Documents\GitHub\Computer-Graphics-OpenGL\과제물\과제물 2. 점 추적 로봇팔\main.cpp(105,128): warning C4305: '인수': 'double'에서 'const GLfloat'(으)로 잘립니다.
C:\Users\kjunwoo23\Documents\GitHub\Computer-Graphics-OpenGL\과제물\과제물 2. 점 추적 로봇팔\main.cpp(118,3): warning C4244: '=': 'double'에서 'GLfloat'(으)로 변환하면서 데이터가 손실될 수 있습니다.
C:\Users\kjunwoo23\Documents\GitHub\Computer-Graphics-OpenGL\과제물\과제물 2. 점 추적 로봇팔\main.cpp(121,3): warning C4244: '=': 'double'에서 'GLfloat'(으)로 변환하면서 데이터가 손실될 수 있습니다.
C:\Users\kjunwoo23\Documents\GitHub\Computer-Graphics-OpenGL\과제물\과제물 2. 점 추적 로봇팔\main.cpp(143,34): warning C4305: '초기화 중': 'double'에서 'float'(으)로 잘립니다.
C:\Users\kjunwoo23\Documents\GitHub\Computer-Graphics-OpenGL\과제물\과제물 2. 점 추적 로봇팔\main.cpp(147,15): warning C4244: '=': 'double'에서 'GLfloat'(으)로 변환하면서 데이터가 손실될 수 있습니다.
C:\Users\kjunwoo23\Documents\GitHub\Computer-Graphics-OpenGL\과제물\과제물 2. 점 추적 로봇팔\main.cpp(148,14): warning C4244: '=': 'double'에서 'GLfloat'(으)로 변환하면서 데이터가 손실될 수 있습니다.
C:\Users\kjunwoo23\Documents\GitHub\Computer-Graphics-OpenGL\과제물\과제물 2. 점 추적 로봇팔\main.cpp(158,44): warning C4244: '인수': 'double'에서 'float'(으)로 변환하면서 데이터가 손실될 수 있습니다.
C:\Users\kjunwoo23\Documents\GitHub\Computer-Graphics-OpenGL\과제물\과제물 2. 점 추적 로봇팔\main.cpp(159,43): warning C4244: '인수': 'double'에서 'float'(으)로 변환하면서 데이터가 손실될 수 있습니다.
C:\Users\kjunwoo23\Documents\GitHub\Computer-Graphics-OpenGL\과제물\과제물 2. 점 추적 로봇팔\main.cpp(163,55): warning C4244: '인수': 'double'에서 'float'(으)로 변환하면서 데이터가 손실될 수 있습니다.
C:\Users\kjunwoo23\Documents\GitHub\Computer-Graphics-OpenGL\과제물\과제물 2. 점 추적 로봇팔\main.cpp(165,55): warning C4244: '+=': 'double'에서 'float'(으)로 변환하면서 데이터가 손실될 수 있습니다.
C:\Users\kjunwoo23\Documents\GitHub\Computer-Graphics-OpenGL\과제물\과제물 2. 점 추적 로봇팔\main.cpp(169,55): warning C4244: '-=': 'double'에서 'float'(으)로 변환하면서 데이터가 손실될 수 있습니다.
C:\Users\kjunwoo23\Documents\GitHub\Computer-Graphics-OpenGL\과제물\과제물 2. 점 추적 로봇팔\main.cpp(177,3): warning C4244: '=': 'double'에서 'GLfloat'(으)로 변환하면서 데이터가 손실될 수 있습니다.
C:\Users\kjunwoo23\Documents\GitHub\Computer-Graphics-OpenGL\과제물\과제물 2. 점 추적 로봇팔\main.cpp(179,3): warning C4244: '=': 'double'에서 'GLfloat'(으)로 변환하면서 데이터가 손실될 수 있습니다.
C:\Users\kjunwoo23\Documents\GitHub\Computer-Graphics-OpenGL\과제물\과제물 2. 점 추적 로봇팔\main.cpp(189,51): warning C4244: '인수': 'double'에서 'float'(으)로 변환하면서 데이터가 손실될 수 있습니다.
C:\Users\kjunwoo23\Documents\GitHub\Computer-Graphics-OpenGL\과제물\과제물 2. 점 추적 로봇팔\main.cpp(190,50): warning C4244: '인수': 'double'에서 'float'(으)로 변환하면서 데이터가 손실될 수 있습니다.
C:\Users\kjunwoo23\Documents\GitHub\Computer-Graphics-OpenGL\과제물\과제물 2. 점 추적 로봇팔\main.cpp(194,62): warning C4244: '인수': 'double'에서 'float'(으)로 변환하면서 데이터가 손실될 수 있습니다.
C:\Users\kjunwoo23\Documents\GitHub\Computer-Graphics-OpenGL\과제물\과제물 2. 점 추적 로봇팔\main.cpp(196,49): warning C4244: '+=': 'double'에서 'float'(으)로 변환하면서 데이터가 손실될 수 있습니다.
C:\Users\kjunwoo23\Documents\GitHub\Computer-Graphics-OpenGL\과제물\과제물 2. 점 추적 로봇팔\main.cpp(198,49): warning C4244: '-=': 'double'에서 'float'(으)로 변환하면서 데이터가 손실될 수 있습니다.
C:\Users\kjunwoo23\Documents\GitHub\Computer-Graphics-OpenGL\과제물\과제물 2. 점 추적 로봇팔\main.cpp(238,28): warning C4305: '인수': 'double'에서 'const GLfloat'(으)로 잘립니다.
C:\Users\kjunwoo23\Documents\GitHub\Computer-Graphics-OpenGL\과제물\과제물 2. 점 추적 로봇팔\main.cpp(254,19): warning C4244: '인수': 'float'에서 'DWORD'(으)로 변환하면서 데이터가 손실될 수 있습니다.
C:\Users\kjunwoo23\Documents\GitHub\Computer-Graphics-OpenGL\과제물\과제물 2. 점 추적 로봇팔\main.cpp(258,14): warning C4244: '=': 'double'에서 'float'(으)로 변환하면서 데이터가 손실될 수 있습니다.
C:\Users\kjunwoo23\Documents\GitHub\Computer-Graphics-OpenGL\과제물\과제물 2. 점 추적 로봇팔\main.cpp(259,14): warning C4244: '=': 'double'에서 'float'(으)로 변환하면서 데이터가 손실될 수 있습니다.
C:\Users\kjunwoo23\Documents\GitHub\Computer-Graphics-OpenGL\과제물\과제물 2. 점 추적 로봇팔\main.cpp(260,14): warning C4244: '=': 'double'에서 'float'(으)로 변환하면서 데이터가 손실될 수 있습니다.
glew_static_vs2010_d.lib(glew.obj) : warning LNK4099: '' PDB를 'glew_static_vs2010_d.lib(glew.obj)' 또는 ''에서 찾을 수 없습니다. 디버그 정보가 없는 것처럼 개체를 링크합니다.
freeglut_static_vs2015_d.lib(fg_callbacks.obj) : warning LNK4099: 'freeglut_static.pdb' PDB를 'freeglut_static_vs2015_d.lib(fg_callbacks.obj)' 또는 'C:\Users\kjunwoo23\Documents\GitHub\Computer-Graphics-OpenGL\과제물\과제물 2. 점 추적 로봇팔\Debug\freeglut_static.pdb'에서 찾을 수 없습니다. 디버그 정보가 없는 것처럼 개체를 링크합니다.
freeglut_static_vs2015_d.lib(fg_cursor.obj) : warning LNK4099: 'freeglut_static.pdb' PDB를 'freeglut_static_vs2015_d.lib(fg_cursor.obj)' 또는 'C:\Users\kjunwoo23\Documents\GitHub\Computer-Graphics-OpenGL\과제물\과제물 2. 점 추적 로봇팔\Debug\freeglut_static.pdb'에서 찾을 수 없습니다. 디버그 정보가 없는 것처럼 개체를 링크합니다.
freeglut_static_vs2015_d.lib(fg_display.obj) : warning LNK4099: 'freeglut_static.pdb' PDB를 'freeglut_static_vs2015_d.lib(fg_display.obj)' 또는 'C:\Users\kjunwoo23\Documents\GitHub\Computer-Graphics-OpenGL\과제물\과제물 2. 점 추적 로봇팔\Debug\freeglut_static.pdb'에서 찾을 수 없습니다. 디버그 정보가 없는 것처럼 개체를 링크합니다.
freeglut_static_vs2015_d.lib(fg_ext.obj) : warning LNK4099: 'freeglut_static.pdb' PDB를 'freeglut_static_vs2015_d.lib(fg_ext.obj)' 또는 'C:\Users\kjunwoo23\Documents\GitHub\Computer-Graphics-OpenGL\과제물\과제물 2. 점 추적 로봇팔\Debug\freeglut_static.pdb'에서 찾을 수 없습니다. 디버그 정보가 없는 것처럼 개체를 링크합니다.
freeglut_static_vs2015_d.lib(fg_font_data.obj) : warning LNK4099: '' PDB를 'freeglut_static_vs2015_d.lib(fg_font_data.obj)' 또는 ''에서 찾을 수 없습니다. 디버그 정보가 없는 것처럼 개체를 링크합니다.
freeglut_static_vs2015_d.lib(fg_gamemode.obj) : warning LNK4099: 'freeglut_static.pdb' PDB를 'freeglut_static_vs2015_d.lib(fg_gamemode.obj)' 또는 'C:\Users\kjunwoo23\Documents\GitHub\Computer-Graphics-OpenGL\과제물\과제물 2. 점 추적 로봇팔\Debug\freeglut_static.pdb'에서 찾을 수 없습니다. 디버그 정보가 없는 것처럼 개체를 링크합니다.
freeglut_static_vs2015_d.lib(fg_geometry.obj) : warning LNK4099: 'freeglut_static.pdb' PDB를 'freeglut_static_vs2015_d.lib(fg_geometry.obj)' 또는 'C:\Users\kjunwoo23\Documents\GitHub\Computer-Graphics-OpenGL\과제물\과제물 2. 점 추적 로봇팔\Debug\freeglut_static.pdb'에서 찾을 수 없습니다. 디버그 정보가 없는 것처럼 개체를 링크합니다.
freeglut_static_vs2015_d.lib(fg_gl2.obj) : warning LNK4099: 'freeglut_static.pdb' PDB를 'freeglut_static_vs2015_d.lib(fg_gl2.obj)' 또는 'C:\Users\kjunwoo23\Documents\GitHub\Computer-Graphics-OpenGL\과제물\과제물 2. 점 추적 로봇팔\Debug\freeglut_static.pdb'에서 찾을 수 없습니다. 디버그 정보가 없는 것처럼 개체를 링크합니다.
freeglut_static_vs2015_d.lib(fg_init.obj) : warning LNK4099: 'freeglut_static.pdb' PDB를 'freeglut_static_vs2015_d.lib(fg_init.obj)' 또는 'C:\Users\kjunwoo23\Documents\GitHub\Computer-Graphics-OpenGL\과제물\과제물 2. 점 추적 로봇팔\Debug\freeglut_static.pdb'에서 찾을 수 없습니다. 디버그 정보가 없는 것처럼 개체를 링크합니다.
freeglut_static_vs2015_d.lib(fg_input_devices.obj) : warning LNK4099: 'freeglut_static.pdb' PDB를 'freeglut_static_vs2015_d.lib(fg_input_devices.obj)' 또는 'C:\Users\kjunwoo23\Documents\GitHub\Computer-Graphics-OpenGL\과제물\과제물 2. 점 추적 로봇팔\Debug\freeglut_static.pdb'에서 찾을 수 없습니다. 디버그 정보가 없는 것처럼 개체를 링크합니다.
freeglut_static_vs2015_d.lib(fg_joystick.obj) : warning LNK4099: 'freeglut_static.pdb' PDB를 'freeglut_static_vs2015_d.lib(fg_joystick.obj)' 또는 'C:\Users\kjunwoo23\Documents\GitHub\Computer-Graphics-OpenGL\과제물\과제물 2. 점 추적 로봇팔\Debug\freeglut_static.pdb'에서 찾을 수 없습니다. 디버그 정보가 없는 것처럼 개체를 링크합니다.
freeglut_static_vs2015_d.lib(fg_main.obj) : warning LNK4099: '' PDB를 'freeglut_static_vs2015_d.lib(fg_main.obj)' 또는 ''에서 찾을 수 없습니다. 디버그 정보가 없는 것처럼 개체를 링크합니다.
freeglut_static_vs2015_d.lib(fg_misc.obj) : warning LNK4099: 'freeglut_static.pdb' PDB를 'freeglut_static_vs2015_d.lib(fg_misc.obj)' 또는 'C:\Users\kjunwoo23\Documents\GitHub\Computer-Graphics-OpenGL\과제물\과제물 2. 점 추적 로봇팔\Debug\freeglut_static.pdb'에서 찾을 수 없습니다. 디버그 정보가 없는 것처럼 개체를 링크합니다.
freeglut_static_vs2015_d.lib(fg_overlay.obj) : warning LNK4099: 'freeglut_static.pdb' PDB를 'freeglut_static_vs2015_d.lib(fg_overlay.obj)' 또는 'C:\Users\kjunwoo23\Documents\GitHub\Computer-Graphics-OpenGL\과제물\과제물 2. 점 추적 로봇팔\Debug\freeglut_static.pdb'에서 찾을 수 없습니다. 디버그 정보가 없는 것처럼 개체를 링크합니다.
freeglut_static_vs2015_d.lib(fg_spaceball.obj) : warning LNK4099: 'freeglut_static.pdb' PDB를 'freeglut_static_vs2015_d.lib(fg_spaceball.obj)' 또는 'C:\Users\kjunwoo23\Documents\GitHub\Computer-Graphics-OpenGL\과제물\과제물 2. 점 추적 로봇팔\Debug\freeglut_static.pdb'에서 찾을 수 없습니다. 디버그 정보가 없는 것처럼 개체를 링크합니다.
freeglut_static_vs2015_d.lib(fg_state.obj) : warning LNK4099: 'freeglut_static.pdb' PDB를 'freeglut_static_vs2015_d.lib(fg_state.obj)' 또는 'C:\Users\kjunwoo23\Documents\GitHub\Computer-Graphics-OpenGL\과제물\과제물 2. 점 추적 로봇팔\Debug\freeglut_static.pdb'에서 찾을 수 없습니다. 디버그 정보가 없는 것처럼 개체를 링크합니다.
freeglut_static_vs2015_d.lib(fg_stroke_mono_roman.obj) : warning LNK4099: 'freeglut_static.pdb' PDB를 'freeglut_static_vs2015_d.lib(fg_stroke_mono_roman.obj)' 또는 'C:\Users\kjunwoo23\Documents\GitHub\Computer-Graphics-OpenGL\과제물\과제물 2. 점 추적 로봇팔\Debug\freeglut_static.pdb'에서 찾을 수 없습니다. 디버그 정보가 없는 것처럼 개체를 링크합니다.
freeglut_static_vs2015_d.lib(fg_stroke_roman.obj) : warning LNK4099: 'freeglut_static.pdb' PDB를 'freeglut_static_vs2015_d.lib(fg_stroke_roman.obj)' 또는 'C:\Users\kjunwoo23\Documents\GitHub\Computer-Graphics-OpenGL\과제물\과제물 2. 점 추적 로봇팔\Debug\freeglut_static.pdb'에서 찾을 수 없습니다. 디버그 정보가 없는 것처럼 개체를 링크합니다.
freeglut_static_vs2015_d.lib(fg_structure.obj) : warning LNK4099: 'freeglut_static.pdb' PDB를 'freeglut_static_vs2015_d.lib(fg_structure.obj)' 또는 'C:\Users\kjunwoo23\Documents\GitHub\Computer-Graphics-OpenGL\과제물\과제물 2. 점 추적 로봇팔\Debug\freeglut_static.pdb'에서 찾을 수 없습니다. 디버그 정보가 없는 것처럼 개체를 링크합니다.
freeglut_static_vs2015_d.lib(fg_teapot.obj) : warning LNK4099: 'freeglut_static.pdb' PDB를 'freeglut_static_vs2015_d.lib(fg_teapot.obj)' 또는 'C:\Users\kjunwoo23\Documents\GitHub\Computer-Graphics-OpenGL\과제물\과제물 2. 점 추적 로봇팔\Debug\freeglut_static.pdb'에서 찾을 수 없습니다. 디버그 정보가 없는 것처럼 개체를 링크합니다.
freeglut_static_vs2015_d.lib(fg_videoresize.obj) : warning LNK4099: 'freeglut_static.pdb' PDB를 'freeglut_static_vs2015_d.lib(fg_videoresize.obj)' 또는 'C:\Users\kjunwoo23\Documents\GitHub\Computer-Graphics-OpenGL\과제물\과제물 2. 점 추적 로봇팔\Debug\freeglut_static.pdb'에서 찾을 수 없습니다. 디버그 정보가 없는 것처럼 개체를 링크합니다.
freeglut_static_vs2015_d.lib(fg_window.obj) : warning LNK4099: '' PDB를 'freeglut_static_vs2015_d.lib(fg_window.obj)' 또는 ''에서 찾을 수 없습니다. 디버그 정보가 없는 것처럼 개체를 링크합니다.
freeglut_static_vs2015_d.lib(fg_font.obj) : warning LNK4099: 'freeglut_static.pdb' PDB를 'freeglut_static_vs2015_d.lib(fg_font.obj)' 또는 'C:\Users\kjunwoo23\Documents\GitHub\Computer-Graphics-OpenGL\과제물\과제물 2. 점 추적 로봇팔\Debug\freeglut_static.pdb'에서 찾을 수 없습니다. 디버그 정보가 없는 것처럼 개체를 링크합니다.
freeglut_static_vs2015_d.lib(fg_menu.obj) : warning LNK4099: 'freeglut_static.pdb' PDB를 'freeglut_static_vs2015_d.lib(fg_menu.obj)' 또는 'C:\Users\kjunwoo23\Documents\GitHub\Computer-Graphics-OpenGL\과제물\과제물 2. 점 추적 로봇팔\Debug\freeglut_static.pdb'에서 찾을 수 없습니다. 디버그 정보가 없는 것처럼 개체를 링크합니다.
freeglut_static_vs2015_d.lib(fg_cursor_mswin.obj) : warning LNK4099: 'freeglut_static.pdb' PDB를 'freeglut_static_vs2015_d.lib(fg_cursor_mswin.obj)' 또는 'C:\Users\kjunwoo23\Documents\GitHub\Computer-Graphics-OpenGL\과제물\과제물 2. 점 추적 로봇팔\Debug\freeglut_static.pdb'에서 찾을 수 없습니다. 디버그 정보가 없는 것처럼 개체를 링크합니다.
freeglut_static_vs2015_d.lib(fg_display_mswin.obj) : warning LNK4099: 'freeglut_static.pdb' PDB를 'freeglut_static_vs2015_d.lib(fg_display_mswin.obj)' 또는 'C:\Users\kjunwoo23\Documents\GitHub\Computer-Graphics-OpenGL\과제물\과제물 2. 점 추적 로봇팔\Debug\freeglut_static.pdb'에서 찾을 수 없습니다. 디버그 정보가 없는 것처럼 개체를 링크합니다.
freeglut_static_vs2015_d.lib(fg_ext_mswin.obj) : warning LNK4099: 'freeglut_static.pdb' PDB를 'freeglut_static_vs2015_d.lib(fg_ext_mswin.obj)' 또는 'C:\Users\kjunwoo23\Documents\GitHub\Computer-Graphics-OpenGL\과제물\과제물 2. 점 추적 로봇팔\Debug\freeglut_static.pdb'에서 찾을 수 없습니다. 디버그 정보가 없는 것처럼 개체를 링크합니다.
freeglut_static_vs2015_d.lib(fg_gamemode_mswin.obj) : warning LNK4099: 'freeglut_static.pdb' PDB를 'freeglut_static_vs2015_d.lib(fg_gamemode_mswin.obj)' 또는 'C:\Users\kjunwoo23\Documents\GitHub\Computer-Graphics-OpenGL\과제물\과제물 2. 점 추적 로봇팔\Debug\freeglut_static.pdb'에서 찾을 수 없습니다. 디버그 정보가 없는 것처럼 개체를 링크합니다.
freeglut_static_vs2015_d.lib(fg_init_mswin.obj) : warning LNK4099: 'freeglut_static.pdb' PDB를 'freeglut_static_vs2015_d.lib(fg_init_mswin.obj)' 또는 'C:\Users\kjunwoo23\Documents\GitHub\Computer-Graphics-OpenGL\과제물\과제물 2. 점 추적 로봇팔\Debug\freeglut_static.pdb'에서 찾을 수 없습니다. 디버그 정보가 없는 것처럼 개체를 링크합니다.
freeglut_static_vs2015_d.lib(fg_input_devices_mswin.obj) : warning LNK4099: 'freeglut_static.pdb' PDB를 'freeglut_static_vs2015_d.lib(fg_input_devices_mswin.obj)' 또는 'C:\Users\kjunwoo23\Documents\GitHub\Computer-Graphics-OpenGL\과제물\과제물 2. 점 추적 로봇팔\Debug\freeglut_static.pdb'에서 찾을 수 없습니다. 디버그 정보가 없는 것처럼 개체를 링크합니다.
freeglut_static_vs2015_d.lib(fg_joystick_mswin.obj) : warning LNK4099: 'freeglut_static.pdb' PDB를 'freeglut_static_vs2015_d.lib(fg_joystick_mswin.obj)' 또는 'C:\Users\kjunwoo23\Documents\GitHub\Computer-Graphics-OpenGL\과제물\과제물 2. 점 추적 로봇팔\Debug\freeglut_static.pdb'에서 찾을 수 없습니다. 디버그 정보가 없는 것처럼 개체를 링크합니다.
freeglut_static_vs2015_d.lib(fg_main_mswin.obj) : warning LNK4099: 'freeglut_static.pdb' PDB를 'freeglut_static_vs2015_d.lib(fg_main_mswin.obj)' 또는 'C:\Users\kjunwoo23\Documents\GitHub\Computer-Graphics-OpenGL\과제물\과제물 2. 점 추적 로봇팔\Debug\freeglut_static.pdb'에서 찾을 수 없습니다. 디버그 정보가 없는 것처럼 개체를 링크합니다.
freeglut_static_vs2015_d.lib(fg_menu_mswin.obj) : warning LNK4099: 'freeglut_static.pdb' PDB를 'freeglut_static_vs2015_d.lib(fg_menu_mswin.obj)' 또는 'C:\Users\kjunwoo23\Documents\GitHub\Computer-Graphics-OpenGL\과제물\과제물 2. 점 추적 로봇팔\Debug\freeglut_static.pdb'에서 찾을 수 없습니다. 디버그 정보가 없는 것처럼 개체를 링크합니다.
freeglut_static_vs2015_d.lib(fg_spaceball_mswin.obj) : warning LNK4099: 'freeglut_static.pdb' PDB를 'freeglut_static_vs2015_d.lib(fg_spaceball_mswin.obj)' 또는 'C:\Users\kjunwoo23\Documents\GitHub\Computer-Graphics-OpenGL\과제물\과제물 2. 점 추적 로봇팔\Debug\freeglut_static.pdb'에서 찾을 수 없습니다. 디버그 정보가 없는 것처럼 개체를 링크합니다.
freeglut_static_vs2015_d.lib(fg_state_mswin.obj) : warning LNK4099: 'freeglut_static.pdb' PDB를 'freeglut_static_vs2015_d.lib(fg_state_mswin.obj)' 또는 'C:\Users\kjunwoo23\Documents\GitHub\Computer-Graphics-OpenGL\과제물\과제물 2. 점 추적 로봇팔\Debug\freeglut_static.pdb'에서 찾을 수 없습니다. 디버그 정보가 없는 것처럼 개체를 링크합니다.
freeglut_static_vs2015_d.lib(fg_structure_mswin.obj) : warning LNK4099: 'freeglut_static.pdb' PDB를 'freeglut_static_vs2015_d.lib(fg_structure_mswin.obj)' 또는 'C:\Users\kjunwoo23\Documents\GitHub\Computer-Graphics-OpenGL\과제물\과제물 2. 점 추적 로봇팔\Debug\freeglut_static.pdb'에서 찾을 수 없습니다. 디버그 정보가 없는 것처럼 개체를 링크합니다.
freeglut_static_vs2015_d.lib(fg_window_mswin.obj) : warning LNK4099: 'freeglut_static.pdb' PDB를 'freeglut_static_vs2015_d.lib(fg_window_mswin.obj)' 또는 'C:\Users\kjunwoo23\Documents\GitHub\Computer-Graphics-OpenGL\과제물\과제물 2. 점 추적 로봇팔\Debug\freeglut_static.pdb'에서 찾을 수 없습니다. 디버그 정보가 없는 것처럼 개체를 링크합니다.
freeglut_static_vs2015_d.lib(xparsegeometry_repl.obj) : warning LNK4099: 'freeglut_static.pdb' PDB를 'freeglut_static_vs2015_d.lib(xparsegeometry_repl.obj)' 또는 'C:\Users\kjunwoo23\Documents\GitHub\Computer-Graphics-OpenGL\과제물\과제물 2. 점 추적 로봇팔\Debug\freeglut_static.pdb'에서 찾을 수 없습니다. 디버그 정보가 없는 것처럼 개체를 링크합니다.
  HelloGL.vcxproj -> C:\Users\kjunwoo23\Documents\GitHub\Computer-Graphics-OpenGL\과제물\과제물 2. 점 추적 로봇팔\Debug\HelloGL.exe
