  main.cpp
C:\Users\kjunwoo23\Documents\GitHub\Computer-Graphics-OpenGL\과제물\과제물 3. 미로 찾기\main.cpp(1,1): warning C4819: 현재 코드 페이지(949)에서 표시할 수 없는 문자가 파일에 들어 있습니다. 데이터가 손실되지 않게 하려면 해당 파일을 유니코드 형식으로 저장하십시오.
C:\Users\kjunwoo23\Documents\GitHub\Computer-Graphics-OpenGL\과제물\과제물 3. 미로 찾기\MyUtil.h(49,14): warning C4244: '초기화 중': 'double'에서 'float'(으)로 변환하면서 데이터가 손실될 수 있습니다.
C:\Users\kjunwoo23\Documents\GitHub\Computer-Graphics-OpenGL\과제물\과제물 3. 미로 찾기\main.cpp(32,24): warning C4305: '초기화 중': 'double'에서 'float'(으)로 잘립니다.
C:\Users\kjunwoo23\Documents\GitHub\Computer-Graphics-OpenGL\과제물\과제물 3. 미로 찾기\main.cpp(114,11): warning C4244: '초기화 중': 'GLfloat'에서 'int'(으)로 변환하면서 데이터가 손실될 수 있습니다.
C:\Users\kjunwoo23\Documents\GitHub\Computer-Graphics-OpenGL\과제물\과제물 3. 미로 찾기\main.cpp(115,11): warning C4244: '초기화 중': 'GLfloat'에서 'int'(으)로 변환하면서 데이터가 손실될 수 있습니다.
C:\Users\kjunwoo23\Documents\GitHub\Computer-Graphics-OpenGL\과제물\과제물 3. 미로 찾기\main.cpp(124,15): warning C4244: '=': 'int'에서 'GLfloat'(으)로 변환하면서 데이터가 손실될 수 있습니다.
C:\Users\kjunwoo23\Documents\GitHub\Computer-Graphics-OpenGL\과제물\과제물 3. 미로 찾기\main.cpp(125,15): warning C4244: '=': 'int'에서 'GLfloat'(으)로 변환하면서 데이터가 손실될 수 있습니다.
C:\Users\kjunwoo23\Documents\GitHub\Computer-Graphics-OpenGL\과제물\과제물 3. 미로 찾기\main.cpp(141,77): warning C4244: '인수': 'double'에서 'GLfloat'(으)로 변환하면서 데이터가 손실될 수 있습니다.
C:\Users\kjunwoo23\Documents\GitHub\Computer-Graphics-OpenGL\과제물\과제물 3. 미로 찾기\main.cpp(141,46): warning C4244: '인수': 'double'에서 'GLfloat'(으)로 변환하면서 데이터가 손실될 수 있습니다.
C:\Users\kjunwoo23\Documents\GitHub\Computer-Graphics-OpenGL\과제물\과제물 3. 미로 찾기\main.cpp(144,27): warning C4244: '인수': 'int'에서 'const GLfloat'(으)로 변환하면서 데이터가 손실될 수 있습니다.
C:\Users\kjunwoo23\Documents\GitHub\Computer-Graphics-OpenGL\과제물\과제물 3. 미로 찾기\main.cpp(144,38): warning C4244: '인수': 'int'에서 'const GLfloat'(으)로 변환하면서 데이터가 손실될 수 있습니다.
C:\Users\kjunwoo23\Documents\GitHub\Computer-Graphics-OpenGL\과제물\과제물 3. 미로 찾기\main.cpp(162,24): warning C4244: '인수': 'int'에서 'GLfloat'(으)로 변환하면서 데이터가 손실될 수 있습니다.
C:\Users\kjunwoo23\Documents\GitHub\Computer-Graphics-OpenGL\과제물\과제물 3. 미로 찾기\main.cpp(162,21): warning C4244: '인수': 'int'에서 'GLfloat'(으)로 변환하면서 데이터가 손실될 수 있습니다.
C:\Users\kjunwoo23\Documents\GitHub\Computer-Graphics-OpenGL\과제물\과제물 3. 미로 찾기\main.cpp(168,23): warning C4244: '인수': 'int'에서 'GLfloat'(으)로 변환하면서 데이터가 손실될 수 있습니다.
C:\Users\kjunwoo23\Documents\GitHub\Computer-Graphics-OpenGL\과제물\과제물 3. 미로 찾기\main.cpp(168,20): warning C4244: '인수': 'int'에서 'GLfloat'(으)로 변환하면서 데이터가 손실될 수 있습니다.
C:\Users\kjunwoo23\Documents\GitHub\Computer-Graphics-OpenGL\과제물\과제물 3. 미로 찾기\main.cpp(200,10): warning C4244: '초기화 중': 'int'에서 'float'(으)로 변환하면서 데이터가 손실될 수 있습니다.
C:\Users\kjunwoo23\Documents\GitHub\Computer-Graphics-OpenGL\과제물\과제물 3. 미로 찾기\main.cpp(201,10): warning C4244: '초기화 중': 'int'에서 'float'(으)로 변환하면서 데이터가 손실될 수 있습니다.
C:\Users\kjunwoo23\Documents\GitHub\Computer-Graphics-OpenGL\과제물\과제물 3. 미로 찾기\main.cpp(205,72): warning C4305: '인수': 'double'에서 'const GLfloat'(으)로 잘립니다.
C:\Users\kjunwoo23\Documents\GitHub\Computer-Graphics-OpenGL\과제물\과제물 3. 미로 찾기\main.cpp(212,72): warning C4305: '인수': 'double'에서 'const GLfloat'(으)로 잘립니다.
C:\Users\kjunwoo23\Documents\GitHub\Computer-Graphics-OpenGL\과제물\과제물 3. 미로 찾기\main.cpp(225,28): warning C4305: '인수': 'double'에서 'GLfloat'(으)로 잘립니다.
C:\Users\kjunwoo23\Documents\GitHub\Computer-Graphics-OpenGL\과제물\과제물 3. 미로 찾기\main.cpp(228,46): warning C4305: '인수': 'double'에서 'const GLfloat'(으)로 잘립니다.
C:\Users\kjunwoo23\Documents\GitHub\Computer-Graphics-OpenGL\과제물\과제물 3. 미로 찾기\main.cpp(230,46): warning C4305: '인수': 'double'에서 'const GLfloat'(으)로 잘립니다.
C:\Users\kjunwoo23\Documents\GitHub\Computer-Graphics-OpenGL\과제물\과제물 3. 미로 찾기\main.cpp(244,49): warning C4244: '인수': 'int'에서 'const GLfloat'(으)로 변환하면서 데이터가 손실될 수 있습니다.
C:\Users\kjunwoo23\Documents\GitHub\Computer-Graphics-OpenGL\과제물\과제물 3. 미로 찾기\main.cpp(251,44): warning C4244: '인수': 'int'에서 'const GLfloat'(으)로 변환하면서 데이터가 손실될 수 있습니다.
C:\Users\kjunwoo23\Documents\GitHub\Computer-Graphics-OpenGL\과제물\과제물 3. 미로 찾기\main.cpp(262,22): warning C4305: '초기화 중': 'double'에서 'float'(으)로 잘립니다.
C:\Users\kjunwoo23\Documents\GitHub\Computer-Graphics-OpenGL\과제물\과제물 3. 미로 찾기\main.cpp(298,27): warning C4244: '인수': 'float'에서 'GLsizei'(으)로 변환하면서 데이터가 손실될 수 있습니다.
C:\Users\kjunwoo23\Documents\GitHub\Computer-Graphics-OpenGL\과제물\과제물 3. 미로 찾기\main.cpp(298,19): warning C4244: '인수': 'float'에서 'GLsizei'(으)로 변환하면서 데이터가 손실될 수 있습니다.
C:\Users\kjunwoo23\Documents\GitHub\Computer-Graphics-OpenGL\과제물\과제물 3. 미로 찾기\main.cpp(304,25): warning C4244: '인수': 'int'에서 'const GLfloat'(으)로 변환하면서 데이터가 손실될 수 있습니다.
C:\Users\kjunwoo23\Documents\GitHub\Computer-Graphics-OpenGL\과제물\과제물 3. 미로 찾기\main.cpp(305,56): warning C4305: '인수': 'double'에서 'float'(으)로 잘립니다.
C:\Users\kjunwoo23\Documents\GitHub\Computer-Graphics-OpenGL\과제물\과제물 3. 미로 찾기\main.cpp(312,32): warning C4244: '인수': 'float'에서 'GLsizei'(으)로 변환하면서 데이터가 손실될 수 있습니다.
C:\Users\kjunwoo23\Documents\GitHub\Computer-Graphics-OpenGL\과제물\과제물 3. 미로 찾기\main.cpp(312,24): warning C4244: '인수': 'float'에서 'GLsizei'(으)로 변환하면서 데이터가 손실될 수 있습니다.
C:\Users\kjunwoo23\Documents\GitHub\Computer-Graphics-OpenGL\과제물\과제물 3. 미로 찾기\main.cpp(312,13): warning C4244: '인수': 'float'에서 'GLint'(으)로 변환하면서 데이터가 손실될 수 있습니다.
C:\Users\kjunwoo23\Documents\GitHub\Computer-Graphics-OpenGL\과제물\과제물 3. 미로 찾기\main.cpp(313,6): warning C4244: '=': 'int'에서 'float'(으)로 변환하면서 데이터가 손실될 수 있습니다.
C:\Users\kjunwoo23\Documents\GitHub\Computer-Graphics-OpenGL\과제물\과제물 3. 미로 찾기\main.cpp(472,80): warning C4244: '인수': 'double'에서 'GLfloat'(으)로 변환하면서 데이터가 손실될 수 있습니다.
C:\Users\kjunwoo23\Documents\GitHub\Computer-Graphics-OpenGL\과제물\과제물 3. 미로 찾기\main.cpp(472,52): warning C4244: '인수': 'double'에서 'GLfloat'(으)로 변환하면서 데이터가 손실될 수 있습니다.
C:\Users\kjunwoo23\Documents\GitHub\Computer-Graphics-OpenGL\과제물\과제물 3. 미로 찾기\main.cpp(472,89): warning C4244: '=': 'int'에서 'GLfloat'(으)로 변환하면서 데이터가 손실될 수 있습니다.
C:\Users\kjunwoo23\Documents\GitHub\Computer-Graphics-OpenGL\과제물\과제물 3. 미로 찾기\main.cpp(473,80): warning C4244: '인수': 'double'에서 'GLfloat'(으)로 변환하면서 데이터가 손실될 수 있습니다.
C:\Users\kjunwoo23\Documents\GitHub\Computer-Graphics-OpenGL\과제물\과제물 3. 미로 찾기\main.cpp(473,52): warning C4244: '인수': 'double'에서 'GLfloat'(으)로 변환하면서 데이터가 손실될 수 있습니다.
C:\Users\kjunwoo23\Documents\GitHub\Computer-Graphics-OpenGL\과제물\과제물 3. 미로 찾기\main.cpp(473,89): warning C4244: '=': 'int'에서 'GLfloat'(으)로 변환하면서 데이터가 손실될 수 있습니다.
C:\Users\kjunwoo23\Documents\GitHub\Computer-Graphics-OpenGL\과제물\과제물 3. 미로 찾기\main.cpp(481,20): warning C4244: '=': 'double'에서 'GLfloat'(으)로 변환하면서 데이터가 손실될 수 있습니다.
C:\Users\kjunwoo23\Documents\GitHub\Computer-Graphics-OpenGL\과제물\과제물 3. 미로 찾기\main.cpp(482,17): warning C4244: '=': 'double'에서 'GLfloat'(으)로 변환하면서 데이터가 손실될 수 있습니다.
C:\Users\kjunwoo23\Documents\GitHub\Computer-Graphics-OpenGL\과제물\과제물 3. 미로 찾기\main.cpp(493,17): warning C4244: '=': 'double'에서 'GLfloat'(으)로 변환하면서 데이터가 손실될 수 있습니다.
C:\Users\kjunwoo23\Documents\GitHub\Computer-Graphics-OpenGL\과제물\과제물 3. 미로 찾기\main.cpp(494,20): warning C4244: '=': 'double'에서 'GLfloat'(으)로 변환하면서 데이터가 손실될 수 있습니다.
C:\Users\kjunwoo23\Documents\GitHub\Computer-Graphics-OpenGL\과제물\과제물 3. 미로 찾기\main.cpp(517,11): warning C4244: '=': 'int'에서 'float'(으)로 변환하면서 데이터가 손실될 수 있습니다.
C:\Users\kjunwoo23\Documents\GitHub\Computer-Graphics-OpenGL\과제물\과제물 3. 미로 찾기\main.cpp(518,12): warning C4244: '=': 'int'에서 'float'(으)로 변환하면서 데이터가 손실될 수 있습니다.
C:\Users\kjunwoo23\Documents\GitHub\Computer-Graphics-OpenGL\과제물\과제물 3. 미로 찾기\main.cpp(528,29): warning C4244: '인수': 'float'에서 'int'(으)로 변환하면서 데이터가 손실될 수 있습니다.
C:\Users\kjunwoo23\Documents\GitHub\Computer-Graphics-OpenGL\과제물\과제물 3. 미로 찾기\main.cpp(528,21): warning C4244: '인수': 'float'에서 'int'(으)로 변환하면서 데이터가 손실될 수 있습니다.
glew_static_vs2010_d.lib(glew.obj) : warning LNK4099: 'vc100.pdb' PDB를 'glew_static_vs2010_d.lib(glew.obj)' 또는 'C:\Users\kjunwoo23\Documents\GitHub\Computer-Graphics-OpenGL\과제물\과제물 3. 미로 찾기\Debug\vc100.pdb'에서 찾을 수 없습니다. 디버그 정보가 없는 것처럼 개체를 링크합니다.
freeglut_static_vs2015_d.lib(fg_callbacks.obj) : warning LNK4099: 'freeglut_static.pdb' PDB를 'freeglut_static_vs2015_d.lib(fg_callbacks.obj)' 또는 'C:\Users\kjunwoo23\Documents\GitHub\Computer-Graphics-OpenGL\과제물\과제물 3. 미로 찾기\Debug\freeglut_static.pdb'에서 찾을 수 없습니다. 디버그 정보가 없는 것처럼 개체를 링크합니다.
freeglut_static_vs2015_d.lib(fg_cursor.obj) : warning LNK4099: 'freeglut_static.pdb' PDB를 'freeglut_static_vs2015_d.lib(fg_cursor.obj)' 또는 'C:\Users\kjunwoo23\Documents\GitHub\Computer-Graphics-OpenGL\과제물\과제물 3. 미로 찾기\Debug\freeglut_static.pdb'에서 찾을 수 없습니다. 디버그 정보가 없는 것처럼 개체를 링크합니다.
freeglut_static_vs2015_d.lib(fg_display.obj) : warning LNK4099: 'freeglut_static.pdb' PDB를 'freeglut_static_vs2015_d.lib(fg_display.obj)' 또는 'C:\Users\kjunwoo23\Documents\GitHub\Computer-Graphics-OpenGL\과제물\과제물 3. 미로 찾기\Debug\freeglut_static.pdb'에서 찾을 수 없습니다. 디버그 정보가 없는 것처럼 개체를 링크합니다.
freeglut_static_vs2015_d.lib(fg_ext.obj) : warning LNK4099: 'freeglut_static.pdb' PDB를 'freeglut_static_vs2015_d.lib(fg_ext.obj)' 또는 'C:\Users\kjunwoo23\Documents\GitHub\Computer-Graphics-OpenGL\과제물\과제물 3. 미로 찾기\Debug\freeglut_static.pdb'에서 찾을 수 없습니다. 디버그 정보가 없는 것처럼 개체를 링크합니다.
freeglut_static_vs2015_d.lib(fg_font_data.obj) : warning LNK4099: 'freeglut_static.pdb' PDB를 'freeglut_static_vs2015_d.lib(fg_font_data.obj)' 또는 'C:\Users\kjunwoo23\Documents\GitHub\Computer-Graphics-OpenGL\과제물\과제물 3. 미로 찾기\Debug\freeglut_static.pdb'에서 찾을 수 없습니다. 디버그 정보가 없는 것처럼 개체를 링크합니다.
freeglut_static_vs2015_d.lib(fg_gamemode.obj) : warning LNK4099: 'freeglut_static.pdb' PDB를 'freeglut_static_vs2015_d.lib(fg_gamemode.obj)' 또는 'C:\Users\kjunwoo23\Documents\GitHub\Computer-Graphics-OpenGL\과제물\과제물 3. 미로 찾기\Debug\freeglut_static.pdb'에서 찾을 수 없습니다. 디버그 정보가 없는 것처럼 개체를 링크합니다.
freeglut_static_vs2015_d.lib(fg_geometry.obj) : warning LNK4099: 'freeglut_static.pdb' PDB를 'freeglut_static_vs2015_d.lib(fg_geometry.obj)' 또는 'C:\Users\kjunwoo23\Documents\GitHub\Computer-Graphics-OpenGL\과제물\과제물 3. 미로 찾기\Debug\freeglut_static.pdb'에서 찾을 수 없습니다. 디버그 정보가 없는 것처럼 개체를 링크합니다.
freeglut_static_vs2015_d.lib(fg_gl2.obj) : warning LNK4099: 'freeglut_static.pdb' PDB를 'freeglut_static_vs2015_d.lib(fg_gl2.obj)' 또는 'C:\Users\kjunwoo23\Documents\GitHub\Computer-Graphics-OpenGL\과제물\과제물 3. 미로 찾기\Debug\freeglut_static.pdb'에서 찾을 수 없습니다. 디버그 정보가 없는 것처럼 개체를 링크합니다.
freeglut_static_vs2015_d.lib(fg_init.obj) : warning LNK4099: '' PDB를 'freeglut_static_vs2015_d.lib(fg_init.obj)' 또는 ''에서 찾을 수 없습니다. 디버그 정보가 없는 것처럼 개체를 링크합니다.
freeglut_static_vs2015_d.lib(fg_input_devices.obj) : warning LNK4099: 'freeglut_static.pdb' PDB를 'freeglut_static_vs2015_d.lib(fg_input_devices.obj)' 또는 'C:\Users\kjunwoo23\Documents\GitHub\Computer-Graphics-OpenGL\과제물\과제물 3. 미로 찾기\Debug\freeglut_static.pdb'에서 찾을 수 없습니다. 디버그 정보가 없는 것처럼 개체를 링크합니다.
freeglut_static_vs2015_d.lib(fg_joystick.obj) : warning LNK4099: 'freeglut_static.pdb' PDB를 'freeglut_static_vs2015_d.lib(fg_joystick.obj)' 또는 'C:\Users\kjunwoo23\Documents\GitHub\Computer-Graphics-OpenGL\과제물\과제물 3. 미로 찾기\Debug\freeglut_static.pdb'에서 찾을 수 없습니다. 디버그 정보가 없는 것처럼 개체를 링크합니다.
freeglut_static_vs2015_d.lib(fg_main.obj) : warning LNK4099: 'freeglut_static.pdb' PDB를 'freeglut_static_vs2015_d.lib(fg_main.obj)' 또는 'C:\Users\kjunwoo23\Documents\GitHub\Computer-Graphics-OpenGL\과제물\과제물 3. 미로 찾기\Debug\freeglut_static.pdb'에서 찾을 수 없습니다. 디버그 정보가 없는 것처럼 개체를 링크합니다.
freeglut_static_vs2015_d.lib(fg_misc.obj) : warning LNK4099: 'freeglut_static.pdb' PDB를 'freeglut_static_vs2015_d.lib(fg_misc.obj)' 또는 'C:\Users\kjunwoo23\Documents\GitHub\Computer-Graphics-OpenGL\과제물\과제물 3. 미로 찾기\Debug\freeglut_static.pdb'에서 찾을 수 없습니다. 디버그 정보가 없는 것처럼 개체를 링크합니다.
freeglut_static_vs2015_d.lib(fg_overlay.obj) : warning LNK4099: 'freeglut_static.pdb' PDB를 'freeglut_static_vs2015_d.lib(fg_overlay.obj)' 또는 'C:\Users\kjunwoo23\Documents\GitHub\Computer-Graphics-OpenGL\과제물\과제물 3. 미로 찾기\Debug\freeglut_static.pdb'에서 찾을 수 없습니다. 디버그 정보가 없는 것처럼 개체를 링크합니다.
freeglut_static_vs2015_d.lib(fg_spaceball.obj) : warning LNK4099: '' PDB를 'freeglut_static_vs2015_d.lib(fg_spaceball.obj)' 또는 ''에서 찾을 수 없습니다. 디버그 정보가 없는 것처럼 개체를 링크합니다.
freeglut_static_vs2015_d.lib(fg_state.obj) : warning LNK4099: 'freeglut_static.pdb' PDB를 'freeglut_static_vs2015_d.lib(fg_state.obj)' 또는 'C:\Users\kjunwoo23\Documents\GitHub\Computer-Graphics-OpenGL\과제물\과제물 3. 미로 찾기\Debug\freeglut_static.pdb'에서 찾을 수 없습니다. 디버그 정보가 없는 것처럼 개체를 링크합니다.
freeglut_static_vs2015_d.lib(fg_stroke_mono_roman.obj) : warning LNK4099: 'freeglut_static.pdb' PDB를 'freeglut_static_vs2015_d.lib(fg_stroke_mono_roman.obj)' 또는 'C:\Users\kjunwoo23\Documents\GitHub\Computer-Graphics-OpenGL\과제물\과제물 3. 미로 찾기\Debug\freeglut_static.pdb'에서 찾을 수 없습니다. 디버그 정보가 없는 것처럼 개체를 링크합니다.
freeglut_static_vs2015_d.lib(fg_stroke_roman.obj) : warning LNK4099: 'freeglut_static.pdb' PDB를 'freeglut_static_vs2015_d.lib(fg_stroke_roman.obj)' 또는 'C:\Users\kjunwoo23\Documents\GitHub\Computer-Graphics-OpenGL\과제물\과제물 3. 미로 찾기\Debug\freeglut_static.pdb'에서 찾을 수 없습니다. 디버그 정보가 없는 것처럼 개체를 링크합니다.
freeglut_static_vs2015_d.lib(fg_structure.obj) : warning LNK4099: 'freeglut_static.pdb' PDB를 'freeglut_static_vs2015_d.lib(fg_structure.obj)' 또는 'C:\Users\kjunwoo23\Documents\GitHub\Computer-Graphics-OpenGL\과제물\과제물 3. 미로 찾기\Debug\freeglut_static.pdb'에서 찾을 수 없습니다. 디버그 정보가 없는 것처럼 개체를 링크합니다.
freeglut_static_vs2015_d.lib(fg_teapot.obj) : warning LNK4099: 'freeglut_static.pdb' PDB를 'freeglut_static_vs2015_d.lib(fg_teapot.obj)' 또는 'C:\Users\kjunwoo23\Documents\GitHub\Computer-Graphics-OpenGL\과제물\과제물 3. 미로 찾기\Debug\freeglut_static.pdb'에서 찾을 수 없습니다. 디버그 정보가 없는 것처럼 개체를 링크합니다.
freeglut_static_vs2015_d.lib(fg_videoresize.obj) : warning LNK4099: 'freeglut_static.pdb' PDB를 'freeglut_static_vs2015_d.lib(fg_videoresize.obj)' 또는 'C:\Users\kjunwoo23\Documents\GitHub\Computer-Graphics-OpenGL\과제물\과제물 3. 미로 찾기\Debug\freeglut_static.pdb'에서 찾을 수 없습니다. 디버그 정보가 없는 것처럼 개체를 링크합니다.
freeglut_static_vs2015_d.lib(fg_window.obj) : warning LNK4099: '' PDB를 'freeglut_static_vs2015_d.lib(fg_window.obj)' 또는 ''에서 찾을 수 없습니다. 디버그 정보가 없는 것처럼 개체를 링크합니다.
freeglut_static_vs2015_d.lib(fg_font.obj) : warning LNK4099: 'freeglut_static.pdb' PDB를 'freeglut_static_vs2015_d.lib(fg_font.obj)' 또는 'C:\Users\kjunwoo23\Documents\GitHub\Computer-Graphics-OpenGL\과제물\과제물 3. 미로 찾기\Debug\freeglut_static.pdb'에서 찾을 수 없습니다. 디버그 정보가 없는 것처럼 개체를 링크합니다.
freeglut_static_vs2015_d.lib(fg_menu.obj) : warning LNK4099: 'freeglut_static.pdb' PDB를 'freeglut_static_vs2015_d.lib(fg_menu.obj)' 또는 'C:\Users\kjunwoo23\Documents\GitHub\Computer-Graphics-OpenGL\과제물\과제물 3. 미로 찾기\Debug\freeglut_static.pdb'에서 찾을 수 없습니다. 디버그 정보가 없는 것처럼 개체를 링크합니다.
freeglut_static_vs2015_d.lib(fg_cursor_mswin.obj) : warning LNK4099: 'freeglut_static.pdb' PDB를 'freeglut_static_vs2015_d.lib(fg_cursor_mswin.obj)' 또는 'C:\Users\kjunwoo23\Documents\GitHub\Computer-Graphics-OpenGL\과제물\과제물 3. 미로 찾기\Debug\freeglut_static.pdb'에서 찾을 수 없습니다. 디버그 정보가 없는 것처럼 개체를 링크합니다.
freeglut_static_vs2015_d.lib(fg_display_mswin.obj) : warning LNK4099: 'freeglut_static.pdb' PDB를 'freeglut_static_vs2015_d.lib(fg_display_mswin.obj)' 또는 'C:\Users\kjunwoo23\Documents\GitHub\Computer-Graphics-OpenGL\과제물\과제물 3. 미로 찾기\Debug\freeglut_static.pdb'에서 찾을 수 없습니다. 디버그 정보가 없는 것처럼 개체를 링크합니다.
freeglut_static_vs2015_d.lib(fg_ext_mswin.obj) : warning LNK4099: 'freeglut_static.pdb' PDB를 'freeglut_static_vs2015_d.lib(fg_ext_mswin.obj)' 또는 'C:\Users\kjunwoo23\Documents\GitHub\Computer-Graphics-OpenGL\과제물\과제물 3. 미로 찾기\Debug\freeglut_static.pdb'에서 찾을 수 없습니다. 디버그 정보가 없는 것처럼 개체를 링크합니다.
freeglut_static_vs2015_d.lib(fg_gamemode_mswin.obj) : warning LNK4099: 'freeglut_static.pdb' PDB를 'freeglut_static_vs2015_d.lib(fg_gamemode_mswin.obj)' 또는 'C:\Users\kjunwoo23\Documents\GitHub\Computer-Graphics-OpenGL\과제물\과제물 3. 미로 찾기\Debug\freeglut_static.pdb'에서 찾을 수 없습니다. 디버그 정보가 없는 것처럼 개체를 링크합니다.
freeglut_static_vs2015_d.lib(fg_init_mswin.obj) : warning LNK4099: 'freeglut_static.pdb' PDB를 'freeglut_static_vs2015_d.lib(fg_init_mswin.obj)' 또는 'C:\Users\kjunwoo23\Documents\GitHub\Computer-Graphics-OpenGL\과제물\과제물 3. 미로 찾기\Debug\freeglut_static.pdb'에서 찾을 수 없습니다. 디버그 정보가 없는 것처럼 개체를 링크합니다.
freeglut_static_vs2015_d.lib(fg_input_devices_mswin.obj) : warning LNK4099: 'freeglut_static.pdb' PDB를 'freeglut_static_vs2015_d.lib(fg_input_devices_mswin.obj)' 또는 'C:\Users\kjunwoo23\Documents\GitHub\Computer-Graphics-OpenGL\과제물\과제물 3. 미로 찾기\Debug\freeglut_static.pdb'에서 찾을 수 없습니다. 디버그 정보가 없는 것처럼 개체를 링크합니다.
freeglut_static_vs2015_d.lib(fg_joystick_mswin.obj) : warning LNK4099: 'freeglut_static.pdb' PDB를 'freeglut_static_vs2015_d.lib(fg_joystick_mswin.obj)' 또는 'C:\Users\kjunwoo23\Documents\GitHub\Computer-Graphics-OpenGL\과제물\과제물 3. 미로 찾기\Debug\freeglut_static.pdb'에서 찾을 수 없습니다. 디버그 정보가 없는 것처럼 개체를 링크합니다.
freeglut_static_vs2015_d.lib(fg_main_mswin.obj) : warning LNK4099: 'freeglut_static.pdb' PDB를 'freeglut_static_vs2015_d.lib(fg_main_mswin.obj)' 또는 'C:\Users\kjunwoo23\Documents\GitHub\Computer-Graphics-OpenGL\과제물\과제물 3. 미로 찾기\Debug\freeglut_static.pdb'에서 찾을 수 없습니다. 디버그 정보가 없는 것처럼 개체를 링크합니다.
freeglut_static_vs2015_d.lib(fg_menu_mswin.obj) : warning LNK4099: 'freeglut_static.pdb' PDB를 'freeglut_static_vs2015_d.lib(fg_menu_mswin.obj)' 또는 'C:\Users\kjunwoo23\Documents\GitHub\Computer-Graphics-OpenGL\과제물\과제물 3. 미로 찾기\Debug\freeglut_static.pdb'에서 찾을 수 없습니다. 디버그 정보가 없는 것처럼 개체를 링크합니다.
freeglut_static_vs2015_d.lib(fg_spaceball_mswin.obj) : warning LNK4099: 'freeglut_static.pdb' PDB를 'freeglut_static_vs2015_d.lib(fg_spaceball_mswin.obj)' 또는 'C:\Users\kjunwoo23\Documents\GitHub\Computer-Graphics-OpenGL\과제물\과제물 3. 미로 찾기\Debug\freeglut_static.pdb'에서 찾을 수 없습니다. 디버그 정보가 없는 것처럼 개체를 링크합니다.
freeglut_static_vs2015_d.lib(fg_state_mswin.obj) : warning LNK4099: 'freeglut_static.pdb' PDB를 'freeglut_static_vs2015_d.lib(fg_state_mswin.obj)' 또는 'C:\Users\kjunwoo23\Documents\GitHub\Computer-Graphics-OpenGL\과제물\과제물 3. 미로 찾기\Debug\freeglut_static.pdb'에서 찾을 수 없습니다. 디버그 정보가 없는 것처럼 개체를 링크합니다.
freeglut_static_vs2015_d.lib(fg_structure_mswin.obj) : warning LNK4099: 'freeglut_static.pdb' PDB를 'freeglut_static_vs2015_d.lib(fg_structure_mswin.obj)' 또는 'C:\Users\kjunwoo23\Documents\GitHub\Computer-Graphics-OpenGL\과제물\과제물 3. 미로 찾기\Debug\freeglut_static.pdb'에서 찾을 수 없습니다. 디버그 정보가 없는 것처럼 개체를 링크합니다.
freeglut_static_vs2015_d.lib(fg_window_mswin.obj) : warning LNK4099: 'freeglut_static.pdb' PDB를 'freeglut_static_vs2015_d.lib(fg_window_mswin.obj)' 또는 'C:\Users\kjunwoo23\Documents\GitHub\Computer-Graphics-OpenGL\과제물\과제물 3. 미로 찾기\Debug\freeglut_static.pdb'에서 찾을 수 없습니다. 디버그 정보가 없는 것처럼 개체를 링크합니다.
freeglut_static_vs2015_d.lib(xparsegeometry_repl.obj) : warning LNK4099: 'freeglut_static.pdb' PDB를 'freeglut_static_vs2015_d.lib(xparsegeometry_repl.obj)' 또는 'C:\Users\kjunwoo23\Documents\GitHub\Computer-Graphics-OpenGL\과제물\과제물 3. 미로 찾기\Debug\freeglut_static.pdb'에서 찾을 수 없습니다. 디버그 정보가 없는 것처럼 개체를 링크합니다.
  HelloGL.vcxproj -> C:\Users\kjunwoo23\Documents\GitHub\Computer-Graphics-OpenGL\과제물\과제물 3. 미로 찾기\Debug\HelloGL.exe
